# JRE version: OpenJDK Runtime Environment (8.0_202-b03) (build 1.8.0_202-release-1483-b03)
# Java VM: OpenJDK 64-Bit Server VM (25.202-b03 mixed mode windows-amd64 compressed oops)
Heap:
 PSYoungGen      total 201216K, used 105582K [0x00000000e0000000, 0x00000000efb00000, 0x0000000100000000)
  eden space 182272K, 57% used [0x00000000e0000000,0x00000000e671bb28,0x00000000eb200000)
  from space 18944K, 0% used [0x00000000ec500000,0x00000000ec500000,0x00000000ed780000)
  to   space 19456K, 0% used [0x00000000eb200000,0x00000000eb200000,0x00000000ec500000)
 ParOldGen       total 114688K, used 27699K [0x00000000a0000000, 0x00000000a7000000, 0x00000000e0000000)
  object space 114688K, 24% used [0x00000000a0000000,0x00000000a1b0cf58,0x00000000a7000000)
 Metaspace       used 61335K, capacity 62950K, committed 63576K, reserved 1103872K
  class space    used 8067K, capacity 8456K, committed 8576K, reserved 1048576K
GC Heap History (10 events):
Event: 10.440 GC heap before
{Heap before GC invocations=11 (full 2):
 PSYoungGen      total 120832K, used 10088K [0x00000000e0000000, 0x00000000eab00000, 0x0000000100000000)
  eden space 110080K, 0% used [0x00000000e0000000,0x00000000e0000000,0x00000000e6b80000)
  from space 10752K, 93% used [0x00000000e6b80000,0x00000000e755a270,0x00000000e7600000)
  to   space 11776K, 0% used [0x00000000e9f80000,0x00000000e9f80000,0x00000000eab00000)
 ParOldGen       total 55808K, used 7512K [0x00000000a0000000, 0x00000000a3680000, 0x00000000e0000000)
  object space 55808K, 13% used [0x00000000a0000000,0x00000000a07561b0,0x00000000a3680000)
 Metaspace       used 34655K, capacity 35304K, committed 35416K, reserved 1079296K
  class space    used 4757K, capacity 4945K, committed 4992K, reserved 1048576K
Event: 10.523 GC heap after
Heap after GC invocations=11 (full 2):
 PSYoungGen      total 120832K, used 0K [0x00000000e0000000, 0x00000000eab00000, 0x0000000100000000)
  eden space 110080K, 0% used [0x00000000e0000000,0x00000000e0000000,0x00000000e6b80000)
  from space 10752K, 0% used [0x00000000e6b80000,0x00000000e6b80000,0x00000000e7600000)
  to   space 11776K, 0% used [0x00000000e9f80000,0x00000000e9f80000,0x00000000eab00000)
 ParOldGen       total 85504K, used 16603K [0x00000000a0000000, 0x00000000a5380000, 0x00000000e0000000)
  object space 85504K, 19% used [0x00000000a0000000,0x00000000a1036fe0,0x00000000a5380000)
 Metaspace       used 34633K, capacity 35232K, committed 35416K, reserved 1079296K
  class space    used 4750K, capacity 4933K, committed 4992K, reserved 1048576K
}
Event: 12.584 GC heap before
{Heap before GC invocations=12 (full 2):
 PSYoungGen      total 120832K, used 110080K [0x00000000e0000000, 0x00000000eab00000, 0x0000000100000000)
  eden space 110080K, 100% used [0x00000000e0000000,0x00000000e6b80000,0x00000000e6b80000)
  from space 10752K, 0% used [0x00000000e6b80000,0x00000000e6b80000,0x00000000e7600000)
  to   space 11776K, 0% used [0x00000000e9f80000,0x00000000e9f80000,0x00000000eab00000)
 ParOldGen       total 85504K, used 16603K [0x00000000a0000000, 0x00000000a5380000, 0x00000000e0000000)
  object space 85504K, 19% used [0x00000000a0000000,0x00000000a1036fe0,0x00000000a5380000)
 Metaspace       used 45015K, capacity 45952K, committed 46296K, reserved 1089536K
  class space    used 6063K, capacity 6325K, committed 6400K, reserved 1048576K
Event: 12.603 GC heap after
Heap after GC invocations=12 (full 2):
 PSYoungGen      total 154112K, used 11753K [0x00000000e0000000, 0x00000000eab00000, 0x0000000100000000)
  eden space 142336K, 0% used [0x00000000e0000000,0x00000000e0000000,0x00000000e8b00000)
  from space 11776K, 99% used [0x00000000e9f80000,0x00000000eaafa578,0x00000000eab00000)
  to   space 13824K, 0% used [0x00000000e9000000,0x00000000e9000000,0x00000000e9d80000)
 ParOldGen       total 85504K, used 19553K [0x00000000a0000000, 0x00000000a5380000, 0x00000000e0000000)
  object space 85504K, 22% used [0x00000000a0000000,0x00000000a1318710,0x00000000a5380000)
 Metaspace       used 45015K, capacity 45952K, committed 46296K, reserved 1089536K
  class space    used 6063K, capacity 6325K, committed 6400K, reserved 1048576K
}
Event: 15.484 GC heap before
{Heap before GC invocations=13 (full 2):
 PSYoungGen      total 154112K, used 154089K [0x00000000e0000000, 0x00000000eab00000, 0x0000000100000000)
  eden space 142336K, 100% used [0x00000000e0000000,0x00000000e8b00000,0x00000000e8b00000)
  from space 11776K, 99% used [0x00000000e9f80000,0x00000000eaafa578,0x00000000eab00000)
  to   space 13824K, 0% used [0x00000000e9000000,0x00000000e9000000,0x00000000e9d80000)
 ParOldGen       total 85504K, used 19553K [0x00000000a0000000, 0x00000000a5380000, 0x00000000e0000000)
  object space 85504K, 22% used [0x00000000a0000000,0x00000000a1318710,0x00000000a5380000)
 Metaspace       used 56792K, capacity 58472K, committed 58584K, reserved 1099776K
  class space    used 7745K, capacity 8143K, committed 8192K, reserved 1048576K
Event: 15.519 GC heap after
Heap after GC invocations=13 (full 2):
 PSYoungGen      total 161280K, used 13823K [0x00000000e0000000, 0x00000000ed780000, 0x0000000100000000)
  eden space 147456K, 0% used [0x00000000e0000000,0x00000000e0000000,0x00000000e9000000)
  from space 13824K, 99% used [0x00000000e9000000,0x00000000e9d7fcc0,0x00000000e9d80000)
  to   space 18944K, 0% used [0x00000000ec500000,0x00000000ec500000,0x00000000ed780000)
 ParOldGen       total 85504K, used 28202K [0x00000000a0000000, 0x00000000a5380000, 0x00000000e0000000)
  object space 85504K, 32% used [0x00000000a0000000,0x00000000a1b8a8d8,0x00000000a5380000)
 Metaspace       used 56792K, capacity 58472K, committed 58584K, reserved 1099776K
  class space    used 7745K, capacity 8143K, committed 8192K, reserved 1048576K
}
Event: 15.555 GC heap before
{Heap before GC invocations=14 (full 2):
 PSYoungGen      total 161280K, used 19334K [0x00000000e0000000, 0x00000000ed780000, 0x0000000100000000)
  eden space 147456K, 3% used [0x00000000e0000000,0x00000000e0561cc8,0x00000000e9000000)
  from space 13824K, 99% used [0x00000000e9000000,0x00000000e9d7fcc0,0x00000000e9d80000)
  to   space 18944K, 0% used [0x00000000ec500000,0x00000000ec500000,0x00000000ed780000)
 ParOldGen       total 85504K, used 28202K [0x00000000a0000000, 0x00000000a5380000, 0x00000000e0000000)
  object space 85504K, 32% used [0x00000000a0000000,0x00000000a1b8a8d8,0x00000000a5380000)
 Metaspace       used 56990K, capacity 58948K, committed 59028K, reserved 1099776K
  class space    used 7796K, capacity 8243K, committed 8320K, reserved 1048576K
Event: 15.566 GC heap after
Heap after GC invocations=14 (full 2):
 PSYoungGen      total 201216K, used 320K [0x00000000e0000000, 0x00000000efb00000, 0x0000000100000000)
  eden space 182272K, 0% used [0x00000000e0000000,0x00000000e0000000,0x00000000eb200000)
  from space 18944K, 1% used [0x00000000ec500000,0x00000000ec550000,0x00000000ed780000)
  to   space 19456K, 0% used [0x00000000eb200000,0x00000000eb200000,0x00000000ec500000)
 ParOldGen       total 85504K, used 34431K [0x00000000a0000000, 0x00000000a5380000, 0x00000000e0000000)
  object space 85504K, 40% used [0x00000000a0000000,0x00000000a219fdb0,0x00000000a5380000)
 Metaspace       used 56990K, capacity 58948K, committed 59028K, reserved 1099776K
  class space    used 7796K, capacity 8243K, committed 8320K, reserved 1048576K
}
Event: 15.566 GC heap before
{Heap before GC invocations=15 (full 3):
 PSYoungGen      total 201216K, used 320K [0x00000000e0000000, 0x00000000efb00000, 0x0000000100000000)
  eden space 182272K, 0% used [0x00000000e0000000,0x00000000e0000000,0x00000000eb200000)
  from space 18944K, 1% used [0x00000000ec500000,0x00000000ec550000,0x00000000ed780000)
  to   space 19456K, 0% used [0x00000000eb200000,0x00000000eb200000,0x00000000ec500000)
 ParOldGen       total 85504K, used 34431K [0x00000000a0000000, 0x00000000a5380000, 0x00000000e0000000)
  object space 85504K, 40% used [0x00000000a0000000,0x00000000a219fdb0,0x00000000a5380000)
 Metaspace       used 56990K, capacity 58948K, committed 59028K, reserved 1099776K
  class space    used 7796K, capacity 8243K, committed 8320K, reserved 1048576K
Event: 15.933 GC heap after
Heap after GC invocations=15 (full 3):
 PSYoungGen      total 201216K, used 0K [0x00000000e0000000, 0x00000000efb00000, 0x0000000100000000)
  eden space 182272K, 0% used [0x00000000e0000000,0x00000000e0000000,0x00000000eb200000)
  from space 18944K, 0% used [0x00000000ec500000,0x00000000ec500000,0x00000000ed780000)
  to   space 19456K, 0% used [0x00000000eb200000,0x00000000eb200000,0x00000000ec500000)
 ParOldGen       total 114688K, used 27699K [0x00000000a0000000, 0x00000000a7000000, 0x00000000e0000000)
  object space 114688K, 24% used [0x00000000a0000000,0x00000000a1b0cf58,0x00000000a7000000)
 Metaspace       used 56768K, capacity 58286K, committed 59028K, reserved 1099776K
  class space    used 7727K, capacity 8122K, committed 8320K, reserved 1048576K
}

